Build started 12/24/2017 11:16:09 AM.
     1>Project "C:\Users\USER\Desktop\Project5\Project5\Project5.vcxproj" on node 2 (Build target(s)).
     1>ClCompile:
         C:\Program Files (x86)\Microsoft Visual Studio 12.0\VC\bin\x86_amd64\CL.exe /c /Zi /nologo /W3 /WX- /sdl /O2 /Oi /GL /D _MBCS /Gm- /EHsc /MT /GS /Gy /fp:precise /Zc:wchar_t /Zc:forScope /Fo"x64\Release\\" /Fd"x64\Release\vc120.pdb" /Gd /TP /errorReport:prompt final.cpp
         final.cpp
     1>c:\program files (x86)\microsoft visual studio 12.0\vc\include\cppconn\sqlstring.h(39): warning C4251: 'sql::SQLString::realStr' : class 'std::basic_string<char,std::char_traits<char>,std::allocator<char>>' needs to have dll-interface to be used by clients of class 'sql::SQLString'
     1>c:\program files (x86)\microsoft visual studio 12.0\vc\include\cppconn\exception.h(61): warning C4251: 'sql::SQLException::sql_state' : class 'std::basic_string<char,std::char_traits<char>,std::allocator<char>>' needs to have dll-interface to be used by clients of class 'sql::SQLException'
     1>c:\program files (x86)\microsoft visual studio 12.0\vc\include\cppconn\exception.h(145): warning C4251: 'sql::SQLUnsupportedOptionException::option' : class 'std::basic_string<char,std::char_traits<char>,std::allocator<char>>' needs to have dll-interface to be used by clients of struct 'sql::SQLUnsupportedOptionException'
     1>C:\Program Files (x86)\Microsoft Visual Studio 12.0\VC\include\mysql_connection.h(175): warning C4251: 'sql::mysql::MySQL_Connection::proxy' : class 'boost::shared_ptr<sql::mysql::NativeAPI::NativeConnectionWrapper>' needs to have dll-interface to be used by clients of class 'sql::mysql::MySQL_Connection'
     1>C:\Program Files (x86)\Microsoft Visual Studio 12.0\VC\include\mysql_connection.h(179): warning C4251: 'sql::mysql::MySQL_Connection::service' : class 'boost::scoped_ptr<sql::mysql::MySQL_Statement>' needs to have dll-interface to be used by clients of class 'sql::mysql::MySQL_Connection'
     1>C:\Program Files (x86)\Microsoft Visual Studio 12.0\VC\include\mysql_connection.h(181): warning C4251: 'sql::mysql::MySQL_Connection::intern' : class 'boost::scoped_ptr<sql::mysql::MySQL_ConnectionData>' needs to have dll-interface to be used by clients of class 'sql::mysql::MySQL_Connection'
     1>final.cpp(481): warning C4244: '=' : conversion from 'long double' to 'float', possible loss of data
       Link:
         C:\Program Files (x86)\Microsoft Visual Studio 12.0\VC\bin\x86_amd64\link.exe /ERRORREPORT:PROMPT /OUT:"C:\Users\USER\Desktop\Project5\x64\Release\final.exe" /NOLOGO "C:\Program Files (x86)\Microsoft Visual Studio 12.0\VC\lib\mysqlcppconn.lib" kernel32.lib user32.lib gdi32.lib winspool.lib comdlg32.lib advapi32.lib shell32.lib ole32.lib oleaut32.lib uuid.lib odbc32.lib odbccp32.lib /MANIFEST /MANIFESTUAC:"level='asInvoker' uiAccess='false'" /manifest:embed /DEBUG /PDB:"C:\Users\USER\Desktop\Project5\x64\Release\final.pdb" /OPT:REF /OPT:ICF /LTCG /TLBID:1 /DYNAMICBASE /NXCOMPAT /IMPLIB:"C:\Users\USER\Desktop\Project5\x64\Release\final.lib" /MACHINE:X64 x64\Release\final.obj
         Generating code
         Finished generating code
         Project5.vcxproj -> C:\Users\USER\Desktop\Project5\x64\Release\final.exe
     1>Done Building Project "C:\Users\USER\Desktop\Project5\Project5\Project5.vcxproj" (Build target(s)).

Build succeeded.

Time Elapsed 00:00:03.15
